<?xml version="1.0" encoding="UTF-8"?>
<testsuite xmlns:xsi="http://www.w3.org/2001/XMLSchema-instance" xsi:noNamespaceSchemaLocation="https://maven.apache.org/surefire/maven-surefire-plugin/xsd/surefire-test-report-3.0.xsd" version="3.0" name="org.example.Runners.TestRunTestNg" time="190.345" tests="12" errors="0" skipped="0" failures="0">
  <properties>
    <property name="sun.desktop" value="windows"/>
    <property name="awt.toolkit" value="sun.awt.windows.WToolkit"/>
    <property name="file.encoding.pkg" value="sun.io"/>
    <property name="java.specification.version" value="1.8"/>
    <property name="webdriver.chrome.driver" value="D:\FWD-SCHOLARSHIP\AutomationProject\src\main\resources\chromedriver.exe"/>
    <property name="sun.cpu.isalist" value="amd64"/>
    <property name="sun.jnu.encoding" value="Cp1252"/>
    <property name="java.class.path" value="D:\FWD-SCHOLARSHIP\AutomationProject\target\test-classes;D:\FWD-SCHOLARSHIP\AutomationProject\target\classes;C:\Users\VT\.m2\repository\org\seleniumhq\selenium\selenium-java\4.2.1\selenium-java-4.2.1.jar;C:\Users\VT\.m2\repository\org\seleniumhq\selenium\selenium-api\4.2.1\selenium-api-4.2.1.jar;C:\Users\VT\.m2\repository\org\seleniumhq\selenium\selenium-chrome-driver\4.2.1\selenium-chrome-driver-4.2.1.jar;C:\Users\VT\.m2\repository\com\google\auto\service\auto-service-annotations\1.0.1\auto-service-annotations-1.0.1.jar;C:\Users\VT\.m2\repository\com\google\auto\service\auto-service\1.0.1\auto-service-1.0.1.jar;C:\Users\VT\.m2\repository\com\google\auto\auto-common\1.2\auto-common-1.2.jar;C:\Users\VT\.m2\repository\com\google\guava\guava\31.1-jre\guava-31.1-jre.jar;C:\Users\VT\.m2\repository\com\google\guava\failureaccess\1.0.1\failureaccess-1.0.1.jar;C:\Users\VT\.m2\repository\com\google\guava\listenablefuture\9999.0-empty-to-avoid-conflict-with-guava\listenablefuture-9999.0-empty-to-avoid-conflict-with-guava.jar;C:\Users\VT\.m2\repository\org\checkerframework\checker-qual\3.12.0\checker-qual-3.12.0.jar;C:\Users\VT\.m2\repository\com\google\errorprone\error_prone_annotations\2.11.0\error_prone_annotations-2.11.0.jar;C:\Users\VT\.m2\repository\com\google\j2objc\j2objc-annotations\1.3\j2objc-annotations-1.3.jar;C:\Users\VT\.m2\repository\org\seleniumhq\selenium\selenium-chromium-driver\4.2.1\selenium-chromium-driver-4.2.1.jar;C:\Users\VT\.m2\repository\org\seleniumhq\selenium\selenium-json\4.2.1\selenium-json-4.2.1.jar;C:\Users\VT\.m2\repository\org\seleniumhq\selenium\selenium-devtools-v100\4.2.1\selenium-devtools-v100-4.2.1.jar;C:\Users\VT\.m2\repository\org\seleniumhq\selenium\selenium-devtools-v101\4.2.1\selenium-devtools-v101-4.2.1.jar;C:\Users\VT\.m2\repository\org\seleniumhq\selenium\selenium-devtools-v102\4.2.1\selenium-devtools-v102-4.2.1.jar;C:\Users\VT\.m2\repository\org\seleniumhq\selenium\selenium-devtools-v85\4.2.1\selenium-devtools-v85-4.2.1.jar;C:\Users\VT\.m2\repository\org\seleniumhq\selenium\selenium-edge-driver\4.2.1\selenium-edge-driver-4.2.1.jar;C:\Users\VT\.m2\repository\org\seleniumhq\selenium\selenium-firefox-driver\4.2.1\selenium-firefox-driver-4.2.1.jar;C:\Users\VT\.m2\repository\org\seleniumhq\selenium\selenium-ie-driver\4.2.1\selenium-ie-driver-4.2.1.jar;C:\Users\VT\.m2\repository\org\seleniumhq\selenium\selenium-opera-driver\4.2.1\selenium-opera-driver-4.2.1.jar;C:\Users\VT\.m2\repository\org\seleniumhq\selenium\selenium-remote-driver\4.2.1\selenium-remote-driver-4.2.1.jar;C:\Users\VT\.m2\repository\com\beust\jcommander\1.82\jcommander-1.82.jar;C:\Users\VT\.m2\repository\io\netty\netty-buffer\4.1.77.Final\netty-buffer-4.1.77.Final.jar;C:\Users\VT\.m2\repository\io\netty\netty-codec-http\4.1.77.Final\netty-codec-http-4.1.77.Final.jar;C:\Users\VT\.m2\repository\io\netty\netty-codec\4.1.77.Final\netty-codec-4.1.77.Final.jar;C:\Users\VT\.m2\repository\io\netty\netty-handler\4.1.77.Final\netty-handler-4.1.77.Final.jar;C:\Users\VT\.m2\repository\io\netty\netty-common\4.1.77.Final\netty-common-4.1.77.Final.jar;C:\Users\VT\.m2\repository\io\netty\netty-transport-classes-epoll\4.1.77.Final\netty-transport-classes-epoll-4.1.77.Final.jar;C:\Users\VT\.m2\repository\io\netty\netty-transport-classes-kqueue\4.1.77.Final\netty-transport-classes-kqueue-4.1.77.Final.jar;C:\Users\VT\.m2\repository\io\netty\netty-transport-native-epoll\4.1.77.Final\netty-transport-native-epoll-4.1.77.Final.jar;C:\Users\VT\.m2\repository\io\netty\netty-transport-native-kqueue\4.1.77.Final\netty-transport-native-kqueue-4.1.77.Final.jar;C:\Users\VT\.m2\repository\io\netty\netty-transport-native-unix-common\4.1.77.Final\netty-transport-native-unix-common-4.1.77.Final.jar;C:\Users\VT\.m2\repository\io\netty\netty-transport\4.1.77.Final\netty-transport-4.1.77.Final.jar;C:\Users\VT\.m2\repository\io\netty\netty-resolver\4.1.77.Final\netty-resolver-4.1.77.Final.jar;C:\Users\VT\.m2\repository\io\opentelemetry\opentelemetry-api\1.14.0\opentelemetry-api-1.14.0.jar;C:\Users\VT\.m2\repository\io\opentelemetry\opentelemetry-context\1.14.0\opentelemetry-context-1.14.0.jar;C:\Users\VT\.m2\repository\io\opentelemetry\opentelemetry-exporter-logging\1.14.0\opentelemetry-exporter-logging-1.14.0.jar;C:\Users\VT\.m2\repository\io\opentelemetry\opentelemetry-sdk-metrics\1.14.0\opentelemetry-sdk-metrics-1.14.0.jar;C:\Users\VT\.m2\repository\io\opentelemetry\opentelemetry-sdk-logs\1.14.0-alpha\opentelemetry-sdk-logs-1.14.0-alpha.jar;C:\Users\VT\.m2\repository\io\opentelemetry\opentelemetry-sdk-common\1.14.0\opentelemetry-sdk-common-1.14.0.jar;C:\Users\VT\.m2\repository\io\opentelemetry\opentelemetry-sdk-extension-autoconfigure-spi\1.14.0\opentelemetry-sdk-extension-autoconfigure-spi-1.14.0.jar;C:\Users\VT\.m2\repository\io\opentelemetry\opentelemetry-sdk-extension-autoconfigure\1.14.0-alpha\opentelemetry-sdk-extension-autoconfigure-1.14.0-alpha.jar;C:\Users\VT\.m2\repository\io\opentelemetry\opentelemetry-sdk-trace\1.14.0\opentelemetry-sdk-trace-1.14.0.jar;C:\Users\VT\.m2\repository\io\opentelemetry\opentelemetry-sdk\1.14.0\opentelemetry-sdk-1.14.0.jar;C:\Users\VT\.m2\repository\io\opentelemetry\opentelemetry-semconv\1.14.0-alpha\opentelemetry-semconv-1.14.0-alpha.jar;C:\Users\VT\.m2\repository\io\ous\jtoml\2.0.0\jtoml-2.0.0.jar;C:\Users\VT\.m2\repository\net\bytebuddy\byte-buddy\1.12.10\byte-buddy-1.12.10.jar;C:\Users\VT\.m2\repository\org\apache\commons\commons-exec\1.3\commons-exec-1.3.jar;C:\Users\VT\.m2\repository\org\asynchttpclient\async-http-client\2.12.3\async-http-client-2.12.3.jar;C:\Users\VT\.m2\repository\org\asynchttpclient\async-http-client-netty-utils\2.12.3\async-http-client-netty-utils-2.12.3.jar;C:\Users\VT\.m2\repository\io\netty\netty-codec-socks\4.1.60.Final\netty-codec-socks-4.1.60.Final.jar;C:\Users\VT\.m2\repository\io\netty\netty-handler-proxy\4.1.60.Final\netty-handler-proxy-4.1.60.Final.jar;C:\Users\VT\.m2\repository\io\netty\netty-transport-native-epoll\4.1.60.Final\netty-transport-native-epoll-4.1.60.Final-linux-x86_64.jar;C:\Users\VT\.m2\repository\io\netty\netty-transport-native-kqueue\4.1.60.Final\netty-transport-native-kqueue-4.1.60.Final-osx-x86_64.jar;C:\Users\VT\.m2\repository\org\reactivestreams\reactive-streams\1.0.3\reactive-streams-1.0.3.jar;C:\Users\VT\.m2\repository\com\typesafe\netty\netty-reactive-streams\2.0.4\netty-reactive-streams-2.0.4.jar;C:\Users\VT\.m2\repository\com\sun\activation\jakarta.activation\1.2.2\jakarta.activation-1.2.2.jar;C:\Users\VT\.m2\repository\org\seleniumhq\selenium\selenium-http\4.2.1\selenium-http-4.2.1.jar;C:\Users\VT\.m2\repository\dev\failsafe\failsafe\3.2.4\failsafe-3.2.4.jar;C:\Users\VT\.m2\repository\org\seleniumhq\selenium\selenium-safari-driver\4.2.1\selenium-safari-driver-4.2.1.jar;C:\Users\VT\.m2\repository\org\seleniumhq\selenium\selenium-support\4.2.1\selenium-support-4.2.1.jar;C:\Users\VT\.m2\repository\io\cucumber\cucumber-java\7.3.4\cucumber-java-7.3.4.jar;C:\Users\VT\.m2\repository\io\cucumber\cucumber-core\7.3.4\cucumber-core-7.3.4.jar;C:\Users\VT\.m2\repository\io\cucumber\cucumber-gherkin\7.3.4\cucumber-gherkin-7.3.4.jar;C:\Users\VT\.m2\repository\io\cucumber\cucumber-gherkin-messages\7.3.4\cucumber-gherkin-messages-7.3.4.jar;C:\Users\VT\.m2\repository\io\cucumber\gherkin\23.0.1\gherkin-23.0.1.jar;C:\Users\VT\.m2\repository\io\cucumber\messages\18.0.0\messages-18.0.0.jar;C:\Users\VT\.m2\repository\io\cucumber\tag-expressions\4.1.0\tag-expressions-4.1.0.jar;C:\Users\VT\.m2\repository\io\cucumber\cucumber-expressions\15.1.1\cucumber-expressions-15.1.1.jar;C:\Users\VT\.m2\repository\io\cucumber\datatable\7.3.4\datatable-7.3.4.jar;C:\Users\VT\.m2\repository\io\cucumber\cucumber-plugin\7.3.4\cucumber-plugin-7.3.4.jar;C:\Users\VT\.m2\repository\io\cucumber\docstring\7.3.4\docstring-7.3.4.jar;C:\Users\VT\.m2\repository\io\cucumber\html-formatter\19.1.0\html-formatter-19.1.0.jar;C:\Users\VT\.m2\repository\io\cucumber\ci-environment\9.0.4\ci-environment-9.0.4.jar;C:\Users\VT\.m2\repository\org\apiguardian\apiguardian-api\1.1.2\apiguardian-api-1.1.2.jar;C:\Users\VT\.m2\repository\io\cucumber\cucumber-junit\7.3.4\cucumber-junit-7.3.4.jar;C:\Users\VT\.m2\repository\junit\junit\4.13.2\junit-4.13.2.jar;C:\Users\VT\.m2\repository\org\hamcrest\hamcrest-core\1.3\hamcrest-core-1.3.jar;C:\Users\VT\.m2\repository\io\cucumber\cucumber-testng\7.3.4\cucumber-testng-7.3.4.jar;C:\Users\VT\.m2\repository\org\testng\testng\7.5\testng-7.5.jar;C:\Users\VT\.m2\repository\com\google\code\findbugs\jsr305\3.0.1\jsr305-3.0.1.jar;C:\Users\VT\.m2\repository\org\slf4j\slf4j-api\1.7.32\slf4j-api-1.7.32.jar;C:\Users\VT\.m2\repository\org\webjars\jquery\3.5.1\jquery-3.5.1.jar;"/>
    <property name="java.vm.vendor" value="Oracle Corporation"/>
    <property name="sun.arch.data.model" value="64"/>
    <property name="user.variant" value=""/>
    <property name="java.vendor.url" value="http://java.oracle.com/"/>
    <property name="user.timezone" value="Africa/Cairo"/>
    <property name="java.vm.specification.version" value="1.8"/>
    <property name="os.name" value="Windows 10"/>
    <property name="user.country" value="US"/>
    <property name="sun.java.launcher" value="SUN_STANDARD"/>
    <property name="sun.boot.library.path" value="C:\Program Files\Java\jdk1.8.0_144\jre\bin"/>
    <property name="sun.java.command" value="C:\Users\VT\AppData\Local\Temp\surefire4542658501789184648\surefirebooter2844743750292243282.jar C:\Users\VT\AppData\Local\Temp\surefire4542658501789184648 2022-06-08T05-16-32_442-jvmRun1 surefire429225759576799227tmp surefire_01884540365772813851tmp"/>
    <property name="surefire.test.class.path" value="D:\FWD-SCHOLARSHIP\AutomationProject\target\test-classes;D:\FWD-SCHOLARSHIP\AutomationProject\target\classes;C:\Users\VT\.m2\repository\org\seleniumhq\selenium\selenium-java\4.2.1\selenium-java-4.2.1.jar;C:\Users\VT\.m2\repository\org\seleniumhq\selenium\selenium-api\4.2.1\selenium-api-4.2.1.jar;C:\Users\VT\.m2\repository\org\seleniumhq\selenium\selenium-chrome-driver\4.2.1\selenium-chrome-driver-4.2.1.jar;C:\Users\VT\.m2\repository\com\google\auto\service\auto-service-annotations\1.0.1\auto-service-annotations-1.0.1.jar;C:\Users\VT\.m2\repository\com\google\auto\service\auto-service\1.0.1\auto-service-1.0.1.jar;C:\Users\VT\.m2\repository\com\google\auto\auto-common\1.2\auto-common-1.2.jar;C:\Users\VT\.m2\repository\com\google\guava\guava\31.1-jre\guava-31.1-jre.jar;C:\Users\VT\.m2\repository\com\google\guava\failureaccess\1.0.1\failureaccess-1.0.1.jar;C:\Users\VT\.m2\repository\com\google\guava\listenablefuture\9999.0-empty-to-avoid-conflict-with-guava\listenablefuture-9999.0-empty-to-avoid-conflict-with-guava.jar;C:\Users\VT\.m2\repository\org\checkerframework\checker-qual\3.12.0\checker-qual-3.12.0.jar;C:\Users\VT\.m2\repository\com\google\errorprone\error_prone_annotations\2.11.0\error_prone_annotations-2.11.0.jar;C:\Users\VT\.m2\repository\com\google\j2objc\j2objc-annotations\1.3\j2objc-annotations-1.3.jar;C:\Users\VT\.m2\repository\org\seleniumhq\selenium\selenium-chromium-driver\4.2.1\selenium-chromium-driver-4.2.1.jar;C:\Users\VT\.m2\repository\org\seleniumhq\selenium\selenium-json\4.2.1\selenium-json-4.2.1.jar;C:\Users\VT\.m2\repository\org\seleniumhq\selenium\selenium-devtools-v100\4.2.1\selenium-devtools-v100-4.2.1.jar;C:\Users\VT\.m2\repository\org\seleniumhq\selenium\selenium-devtools-v101\4.2.1\selenium-devtools-v101-4.2.1.jar;C:\Users\VT\.m2\repository\org\seleniumhq\selenium\selenium-devtools-v102\4.2.1\selenium-devtools-v102-4.2.1.jar;C:\Users\VT\.m2\repository\org\seleniumhq\selenium\selenium-devtools-v85\4.2.1\selenium-devtools-v85-4.2.1.jar;C:\Users\VT\.m2\repository\org\seleniumhq\selenium\selenium-edge-driver\4.2.1\selenium-edge-driver-4.2.1.jar;C:\Users\VT\.m2\repository\org\seleniumhq\selenium\selenium-firefox-driver\4.2.1\selenium-firefox-driver-4.2.1.jar;C:\Users\VT\.m2\repository\org\seleniumhq\selenium\selenium-ie-driver\4.2.1\selenium-ie-driver-4.2.1.jar;C:\Users\VT\.m2\repository\org\seleniumhq\selenium\selenium-opera-driver\4.2.1\selenium-opera-driver-4.2.1.jar;C:\Users\VT\.m2\repository\org\seleniumhq\selenium\selenium-remote-driver\4.2.1\selenium-remote-driver-4.2.1.jar;C:\Users\VT\.m2\repository\com\beust\jcommander\1.82\jcommander-1.82.jar;C:\Users\VT\.m2\repository\io\netty\netty-buffer\4.1.77.Final\netty-buffer-4.1.77.Final.jar;C:\Users\VT\.m2\repository\io\netty\netty-codec-http\4.1.77.Final\netty-codec-http-4.1.77.Final.jar;C:\Users\VT\.m2\repository\io\netty\netty-codec\4.1.77.Final\netty-codec-4.1.77.Final.jar;C:\Users\VT\.m2\repository\io\netty\netty-handler\4.1.77.Final\netty-handler-4.1.77.Final.jar;C:\Users\VT\.m2\repository\io\netty\netty-common\4.1.77.Final\netty-common-4.1.77.Final.jar;C:\Users\VT\.m2\repository\io\netty\netty-transport-classes-epoll\4.1.77.Final\netty-transport-classes-epoll-4.1.77.Final.jar;C:\Users\VT\.m2\repository\io\netty\netty-transport-classes-kqueue\4.1.77.Final\netty-transport-classes-kqueue-4.1.77.Final.jar;C:\Users\VT\.m2\repository\io\netty\netty-transport-native-epoll\4.1.77.Final\netty-transport-native-epoll-4.1.77.Final.jar;C:\Users\VT\.m2\repository\io\netty\netty-transport-native-kqueue\4.1.77.Final\netty-transport-native-kqueue-4.1.77.Final.jar;C:\Users\VT\.m2\repository\io\netty\netty-transport-native-unix-common\4.1.77.Final\netty-transport-native-unix-common-4.1.77.Final.jar;C:\Users\VT\.m2\repository\io\netty\netty-transport\4.1.77.Final\netty-transport-4.1.77.Final.jar;C:\Users\VT\.m2\repository\io\netty\netty-resolver\4.1.77.Final\netty-resolver-4.1.77.Final.jar;C:\Users\VT\.m2\repository\io\opentelemetry\opentelemetry-api\1.14.0\opentelemetry-api-1.14.0.jar;C:\Users\VT\.m2\repository\io\opentelemetry\opentelemetry-context\1.14.0\opentelemetry-context-1.14.0.jar;C:\Users\VT\.m2\repository\io\opentelemetry\opentelemetry-exporter-logging\1.14.0\opentelemetry-exporter-logging-1.14.0.jar;C:\Users\VT\.m2\repository\io\opentelemetry\opentelemetry-sdk-metrics\1.14.0\opentelemetry-sdk-metrics-1.14.0.jar;C:\Users\VT\.m2\repository\io\opentelemetry\opentelemetry-sdk-logs\1.14.0-alpha\opentelemetry-sdk-logs-1.14.0-alpha.jar;C:\Users\VT\.m2\repository\io\opentelemetry\opentelemetry-sdk-common\1.14.0\opentelemetry-sdk-common-1.14.0.jar;C:\Users\VT\.m2\repository\io\opentelemetry\opentelemetry-sdk-extension-autoconfigure-spi\1.14.0\opentelemetry-sdk-extension-autoconfigure-spi-1.14.0.jar;C:\Users\VT\.m2\repository\io\opentelemetry\opentelemetry-sdk-extension-autoconfigure\1.14.0-alpha\opentelemetry-sdk-extension-autoconfigure-1.14.0-alpha.jar;C:\Users\VT\.m2\repository\io\opentelemetry\opentelemetry-sdk-trace\1.14.0\opentelemetry-sdk-trace-1.14.0.jar;C:\Users\VT\.m2\repository\io\opentelemetry\opentelemetry-sdk\1.14.0\opentelemetry-sdk-1.14.0.jar;C:\Users\VT\.m2\repository\io\opentelemetry\opentelemetry-semconv\1.14.0-alpha\opentelemetry-semconv-1.14.0-alpha.jar;C:\Users\VT\.m2\repository\io\ous\jtoml\2.0.0\jtoml-2.0.0.jar;C:\Users\VT\.m2\repository\net\bytebuddy\byte-buddy\1.12.10\byte-buddy-1.12.10.jar;C:\Users\VT\.m2\repository\org\apache\commons\commons-exec\1.3\commons-exec-1.3.jar;C:\Users\VT\.m2\repository\org\asynchttpclient\async-http-client\2.12.3\async-http-client-2.12.3.jar;C:\Users\VT\.m2\repository\org\asynchttpclient\async-http-client-netty-utils\2.12.3\async-http-client-netty-utils-2.12.3.jar;C:\Users\VT\.m2\repository\io\netty\netty-codec-socks\4.1.60.Final\netty-codec-socks-4.1.60.Final.jar;C:\Users\VT\.m2\repository\io\netty\netty-handler-proxy\4.1.60.Final\netty-handler-proxy-4.1.60.Final.jar;C:\Users\VT\.m2\repository\io\netty\netty-transport-native-epoll\4.1.60.Final\netty-transport-native-epoll-4.1.60.Final-linux-x86_64.jar;C:\Users\VT\.m2\repository\io\netty\netty-transport-native-kqueue\4.1.60.Final\netty-transport-native-kqueue-4.1.60.Final-osx-x86_64.jar;C:\Users\VT\.m2\repository\org\reactivestreams\reactive-streams\1.0.3\reactive-streams-1.0.3.jar;C:\Users\VT\.m2\repository\com\typesafe\netty\netty-reactive-streams\2.0.4\netty-reactive-streams-2.0.4.jar;C:\Users\VT\.m2\repository\com\sun\activation\jakarta.activation\1.2.2\jakarta.activation-1.2.2.jar;C:\Users\VT\.m2\repository\org\seleniumhq\selenium\selenium-http\4.2.1\selenium-http-4.2.1.jar;C:\Users\VT\.m2\repository\dev\failsafe\failsafe\3.2.4\failsafe-3.2.4.jar;C:\Users\VT\.m2\repository\org\seleniumhq\selenium\selenium-safari-driver\4.2.1\selenium-safari-driver-4.2.1.jar;C:\Users\VT\.m2\repository\org\seleniumhq\selenium\selenium-support\4.2.1\selenium-support-4.2.1.jar;C:\Users\VT\.m2\repository\io\cucumber\cucumber-java\7.3.4\cucumber-java-7.3.4.jar;C:\Users\VT\.m2\repository\io\cucumber\cucumber-core\7.3.4\cucumber-core-7.3.4.jar;C:\Users\VT\.m2\repository\io\cucumber\cucumber-gherkin\7.3.4\cucumber-gherkin-7.3.4.jar;C:\Users\VT\.m2\repository\io\cucumber\cucumber-gherkin-messages\7.3.4\cucumber-gherkin-messages-7.3.4.jar;C:\Users\VT\.m2\repository\io\cucumber\gherkin\23.0.1\gherkin-23.0.1.jar;C:\Users\VT\.m2\repository\io\cucumber\messages\18.0.0\messages-18.0.0.jar;C:\Users\VT\.m2\repository\io\cucumber\tag-expressions\4.1.0\tag-expressions-4.1.0.jar;C:\Users\VT\.m2\repository\io\cucumber\cucumber-expressions\15.1.1\cucumber-expressions-15.1.1.jar;C:\Users\VT\.m2\repository\io\cucumber\datatable\7.3.4\datatable-7.3.4.jar;C:\Users\VT\.m2\repository\io\cucumber\cucumber-plugin\7.3.4\cucumber-plugin-7.3.4.jar;C:\Users\VT\.m2\repository\io\cucumber\docstring\7.3.4\docstring-7.3.4.jar;C:\Users\VT\.m2\repository\io\cucumber\html-formatter\19.1.0\html-formatter-19.1.0.jar;C:\Users\VT\.m2\repository\io\cucumber\ci-environment\9.0.4\ci-environment-9.0.4.jar;C:\Users\VT\.m2\repository\org\apiguardian\apiguardian-api\1.1.2\apiguardian-api-1.1.2.jar;C:\Users\VT\.m2\repository\io\cucumber\cucumber-junit\7.3.4\cucumber-junit-7.3.4.jar;C:\Users\VT\.m2\repository\junit\junit\4.13.2\junit-4.13.2.jar;C:\Users\VT\.m2\repository\org\hamcrest\hamcrest-core\1.3\hamcrest-core-1.3.jar;C:\Users\VT\.m2\repository\io\cucumber\cucumber-testng\7.3.4\cucumber-testng-7.3.4.jar;C:\Users\VT\.m2\repository\org\testng\testng\7.5\testng-7.5.jar;C:\Users\VT\.m2\repository\com\google\code\findbugs\jsr305\3.0.1\jsr305-3.0.1.jar;C:\Users\VT\.m2\repository\org\slf4j\slf4j-api\1.7.32\slf4j-api-1.7.32.jar;C:\Users\VT\.m2\repository\org\webjars\jquery\3.5.1\jquery-3.5.1.jar;"/>
    <property name="sun.cpu.endian" value="little"/>
    <property name="user.home" value="C:\Users\VT"/>
    <property name="user.language" value="en"/>
    <property name="java.specification.vendor" value="Oracle Corporation"/>
    <property name="java.home" value="C:\Program Files\Java\jdk1.8.0_144\jre"/>
    <property name="basedir" value="D:\FWD-SCHOLARSHIP\AutomationProject"/>
    <property name="file.separator" value="\"/>
    <property name="line.separator" value="&#10;"/>
    <property name="java.vm.specification.vendor" value="Oracle Corporation"/>
    <property name="java.specification.name" value="Java Platform API Specification"/>
    <property name="java.awt.graphicsenv" value="sun.awt.Win32GraphicsEnvironment"/>
    <property name="surefire.real.class.path" value="C:\Users\VT\AppData\Local\Temp\surefire4542658501789184648\surefirebooter2844743750292243282.jar"/>
    <property name="sun.boot.class.path" value="C:\Program Files\Java\jdk1.8.0_144\jre\lib\resources.jar;C:\Program Files\Java\jdk1.8.0_144\jre\lib\rt.jar;C:\Program Files\Java\jdk1.8.0_144\jre\lib\sunrsasign.jar;C:\Program Files\Java\jdk1.8.0_144\jre\lib\jsse.jar;C:\Program Files\Java\jdk1.8.0_144\jre\lib\jce.jar;C:\Program Files\Java\jdk1.8.0_144\jre\lib\charsets.jar;C:\Program Files\Java\jdk1.8.0_144\jre\lib\jfr.jar;C:\Program Files\Java\jdk1.8.0_144\jre\classes"/>
    <property name="user.script" value=""/>
    <property name="sun.management.compiler" value="HotSpot 64-Bit Tiered Compilers"/>
    <property name="java.runtime.version" value="1.8.0_144-b01"/>
    <property name="user.name" value="VT"/>
    <property name="path.separator" value=";"/>
    <property name="os.version" value="10.0"/>
    <property name="java.endorsed.dirs" value="C:\Program Files\Java\jdk1.8.0_144\jre\lib\endorsed"/>
    <property name="java.runtime.name" value="Java(TM) SE Runtime Environment"/>
    <property name="file.encoding" value="Cp1252"/>
    <property name="java.vm.name" value="Java HotSpot(TM) 64-Bit Server VM"/>
    <property name="localRepository" value="C:\Users\VT\.m2\repository"/>
    <property name="java.vendor.url.bug" value="http://bugreport.sun.com/bugreport/"/>
    <property name="java.io.tmpdir" value="C:\Users\VT\AppData\Local\Temp\"/>
    <property name="idea.version" value="2021.1.3"/>
    <property name="java.version" value="1.8.0_144"/>
    <property name="user.dir" value="D:\FWD-SCHOLARSHIP\AutomationProject"/>
    <property name="os.arch" value="amd64"/>
    <property name="java.vm.specification.name" value="Java Virtual Machine Specification"/>
    <property name="java.awt.printerjob" value="sun.awt.windows.WPrinterJob"/>
    <property name="sun.os.patch.level" value=""/>
    <property name="java.library.path" value="C:\Program Files\Java\jdk1.8.0_144\jre\bin;C:\Windows\Sun\Java\bin;C:\Windows\system32;C:\Windows;C:\oraclexe\app\oracle\product\11.2.0\server\bin;C:\Program Files (x86)\Common Files\Oracle\Java\javapath;C:\ProgramData\Oracle\Java\javapath;C:\Users\VT\AppData\Local\Programs\Python\Python39\python.exe;C:\Windows;C:\Windows\System32\Wbem;C:\Windows\System32\WindowsPowerShell\v1.0\;C:\Windows\System32\OpenSSH\;C:\Program Files (x86)\NVIDIA Corporation\PhysX\Common;C:\Program Files\NVIDIA Corporation\NVIDIA NvDLISR;C:\Program Files\Dart\dart-sdk\bin;C:\ProgramData\chocolatey\bin;C:\Program Files\dotnet\;C:\Program Files\Git\cmd;C:\Program Files\Java\jdk1.8.0_144\bin;F:\programs\intellji_IDE\IntelliJ IDEA 2021.1\plugins\maven\lib\maven3\bin;F:\programs\python installation\Scripts\;F:\programs\python installation\;C:\Users\VT\AppData\Local\Microsoft\WindowsApps;C:\Users\VT\AppData\Local\Programs\Microsoft VS Code\bin;."/>
    <property name="java.vm.info" value="mixed mode"/>
    <property name="java.vendor" value="Oracle Corporation"/>
    <property name="java.vm.version" value="25.144-b01"/>
    <property name="java.ext.dirs" value="C:\Program Files\Java\jdk1.8.0_144\jre\lib\ext;C:\Windows\Sun\Java\lib\ext"/>
    <property name="sun.io.unicode.encoding" value="UnicodeLittle"/>
    <property name="java.class.version" value="52.0"/>
  </properties>
  <testcase name="runScenario[&quot;User will enter valid to inputs&quot;, &quot;SC1- Registration | guest user could register with valid data successfully&quot;](1)" classname="org.example.Runners.TestRunTestNg" time="14.539">
    <system-out><![CDATA[D:\FWD-SCHOLARSHIP\AutomationProject\src\main\resources\chromedriver.exe
]]></system-out>
    <system-err><![CDATA[SLF4J: Failed to load class "org.slf4j.impl.StaticLoggerBinder".
SLF4J: Defaulting to no-operation (NOP) logger implementation
SLF4J: See http://www.slf4j.org/codes.html#StaticLoggerBinder for further details.
Starting ChromeDriver 102.0.5005.61 (0e59bcc00cc4985ce39ad31c150065f159d95ad3-refs/branch-heads/5005@{#819}) on port 53104
Only local connections are allowed.
Please see https://chromedriver.chromium.org/security-considerations for suggestions on keeping ChromeDriver safe.
ChromeDriver was started successfully.
Jun 08, 2022 5:16:35 AM org.openqa.selenium.remote.ProtocolHandshake createSession
INFO: Detected upstream dialect: W3C
Jun 08, 2022 5:16:35 AM org.openqa.selenium.devtools.CdpVersionFinder findNearestMatch
INFO: Found exact CDP implementation for version 102
]]></system-err>
  </testcase>
  <testcase name="runScenario[&quot;User log in with valid email and password&quot;, &quot;SC2- User could log in with valid email and password&quot;](2)" classname="org.example.Runners.TestRunTestNg" time="8.036">
    <system-out><![CDATA[D:\FWD-SCHOLARSHIP\AutomationProject\src\main\resources\chromedriver.exe
]]></system-out>
    <system-err><![CDATA[Starting ChromeDriver 102.0.5005.61 (0e59bcc00cc4985ce39ad31c150065f159d95ad3-refs/branch-heads/5005@{#819}) on port 52052
Only local connections are allowed.
Please see https://chromedriver.chromium.org/security-considerations for suggestions on keeping ChromeDriver safe.
ChromeDriver was started successfully.
Jun 08, 2022 5:16:49 AM org.openqa.selenium.remote.ProtocolHandshake createSession
INFO: Detected upstream dialect: W3C
Jun 08, 2022 5:16:49 AM org.openqa.selenium.devtools.CdpVersionFinder findNearestMatch
INFO: Found exact CDP implementation for version 102
]]></system-err>
  </testcase>
  <testcase name="runScenario[&quot;User want to reset his/her password&quot;, &quot;SC3- User could reset his/her password successfully&quot;](3)" classname="org.example.Runners.TestRunTestNg" time="7.671">
    <system-out><![CDATA[D:\FWD-SCHOLARSHIP\AutomationProject\src\main\resources\chromedriver.exe
]]></system-out>
    <system-err><![CDATA[Starting ChromeDriver 102.0.5005.61 (0e59bcc00cc4985ce39ad31c150065f159d95ad3-refs/branch-heads/5005@{#819}) on port 49903
Only local connections are allowed.
Please see https://chromedriver.chromium.org/security-considerations for suggestions on keeping ChromeDriver safe.
ChromeDriver was started successfully.
Jun 08, 2022 5:16:57 AM org.openqa.selenium.remote.ProtocolHandshake createSession
INFO: Detected upstream dialect: W3C
Jun 08, 2022 5:16:57 AM org.openqa.selenium.devtools.CdpVersionFinder findNearestMatch
INFO: Found exact CDP implementation for version 102
]]></system-err>
  </testcase>
  <testcase name="runScenario[&quot;User search about product&quot;, &quot;SC4- Logged User could search for any product&quot;](4)" classname="org.example.Runners.TestRunTestNg" time="9.517">
    <system-out><![CDATA[D:\FWD-SCHOLARSHIP\AutomationProject\src\main\resources\chromedriver.exe
]]></system-out>
    <system-err><![CDATA[Starting ChromeDriver 102.0.5005.61 (0e59bcc00cc4985ce39ad31c150065f159d95ad3-refs/branch-heads/5005@{#819}) on port 60768
Only local connections are allowed.
Please see https://chromedriver.chromium.org/security-considerations for suggestions on keeping ChromeDriver safe.
ChromeDriver was started successfully.
Jun 08, 2022 5:17:05 AM org.openqa.selenium.remote.ProtocolHandshake createSession
INFO: Detected upstream dialect: W3C
Jun 08, 2022 5:17:05 AM org.openqa.selenium.devtools.CdpVersionFinder findNearestMatch
INFO: Found exact CDP implementation for version 102
]]></system-err>
  </testcase>
  <testcase name="runScenario[&quot;Logged user switch currency to euro&quot;, &quot;SC5- Logged User could switch between currencies US-Euro&quot;](5)" classname="org.example.Runners.TestRunTestNg" time="9.83">
    <system-out><![CDATA[D:\FWD-SCHOLARSHIP\AutomationProject\src\main\resources\chromedriver.exe
]]></system-out>
    <system-err><![CDATA[Starting ChromeDriver 102.0.5005.61 (0e59bcc00cc4985ce39ad31c150065f159d95ad3-refs/branch-heads/5005@{#819}) on port 54452
Only local connections are allowed.
Please see https://chromedriver.chromium.org/security-considerations for suggestions on keeping ChromeDriver safe.
ChromeDriver was started successfully.
Jun 08, 2022 5:17:14 AM org.openqa.selenium.remote.ProtocolHandshake createSession
INFO: Detected upstream dialect: W3C
Jun 08, 2022 5:17:14 AM org.openqa.selenium.devtools.CdpVersionFinder findNearestMatch
INFO: Found exact CDP implementation for version 102
]]></system-err>
  </testcase>
  <testcase name="runScenario[&quot;Logged user select Category&quot;, &quot;SC6- Logged user could select different Categories&quot;](6)" classname="org.example.Runners.TestRunTestNg" time="12.034">
    <system-out><![CDATA[D:\FWD-SCHOLARSHIP\AutomationProject\src\main\resources\chromedriver.exe
desktops
]]></system-out>
    <system-err><![CDATA[Starting ChromeDriver 102.0.5005.61 (0e59bcc00cc4985ce39ad31c150065f159d95ad3-refs/branch-heads/5005@{#819}) on port 52460
Only local connections are allowed.
Please see https://chromedriver.chromium.org/security-considerations for suggestions on keeping ChromeDriver safe.
ChromeDriver was started successfully.
Jun 08, 2022 5:17:24 AM org.openqa.selenium.remote.ProtocolHandshake createSession
INFO: Detected upstream dialect: W3C
Jun 08, 2022 5:17:24 AM org.openqa.selenium.devtools.CdpVersionFinder findNearestMatch
INFO: Found exact CDP implementation for version 102
]]></system-err>
  </testcase>
  <testcase name="runScenario[&quot;User filter selected item with color&quot;, &quot;SC7- Logged user could filter with color&quot;](7)" classname="org.example.Runners.TestRunTestNg" time="11.969">
    <system-out><![CDATA[D:\FWD-SCHOLARSHIP\AutomationProject\src\main\resources\chromedriver.exe
]]></system-out>
    <system-err><![CDATA[Starting ChromeDriver 102.0.5005.61 (0e59bcc00cc4985ce39ad31c150065f159d95ad3-refs/branch-heads/5005@{#819}) on port 59163
Only local connections are allowed.
Please see https://chromedriver.chromium.org/security-considerations for suggestions on keeping ChromeDriver safe.
ChromeDriver was started successfully.
Jun 08, 2022 5:17:36 AM org.openqa.selenium.remote.ProtocolHandshake createSession
INFO: Detected upstream dialect: W3C
Jun 08, 2022 5:17:36 AM org.openqa.selenium.devtools.CdpVersionFinder findNearestMatch
INFO: Found exact CDP implementation for version 102
]]></system-err>
  </testcase>
  <testcase name="runScenario[&quot;User try to select different tags&quot;, &quot;SC8- Logged user could select different tags&quot;](8)" classname="org.example.Runners.TestRunTestNg" time="14.129">
    <system-out><![CDATA[D:\FWD-SCHOLARSHIP\AutomationProject\src\main\resources\chromedriver.exe
desktops
]]></system-out>
    <system-err><![CDATA[Starting ChromeDriver 102.0.5005.61 (0e59bcc00cc4985ce39ad31c150065f159d95ad3-refs/branch-heads/5005@{#819}) on port 64634
Only local connections are allowed.
Please see https://chromedriver.chromium.org/security-considerations for suggestions on keeping ChromeDriver safe.
ChromeDriver was started successfully.
Jun 08, 2022 5:17:48 AM org.openqa.selenium.remote.ProtocolHandshake createSession
INFO: Detected upstream dialect: W3C
Jun 08, 2022 5:17:48 AM org.openqa.selenium.devtools.CdpVersionFinder findNearestMatch
INFO: Found exact CDP implementation for version 102
]]></system-err>
  </testcase>
  <testcase name="runScenario[&quot;User try to add product to shopping cart&quot;, &quot;SC9- Logged user could add different products to Shopping cart&quot;](9)" classname="org.example.Runners.TestRunTestNg" time="19.039">
    <system-out><![CDATA[D:\FWD-SCHOLARSHIP\AutomationProject\src\main\resources\chromedriver.exe
]]></system-out>
    <system-err><![CDATA[Starting ChromeDriver 102.0.5005.61 (0e59bcc00cc4985ce39ad31c150065f159d95ad3-refs/branch-heads/5005@{#819}) on port 63839
Only local connections are allowed.
Please see https://chromedriver.chromium.org/security-considerations for suggestions on keeping ChromeDriver safe.
ChromeDriver was started successfully.
Jun 08, 2022 5:18:02 AM org.openqa.selenium.remote.ProtocolHandshake createSession
INFO: Detected upstream dialect: W3C
Jun 08, 2022 5:18:02 AM org.openqa.selenium.devtools.CdpVersionFinder findNearestMatch
INFO: Found exact CDP implementation for version 102
]]></system-err>
  </testcase>
  <testcase name="runScenario[&quot;User could be able to add products to wishlist&quot;, &quot;SC10- Logged user could add different products to Wishlist&quot;](10)" classname="org.example.Runners.TestRunTestNg" time="21.57">
    <system-out><![CDATA[D:\FWD-SCHOLARSHIP\AutomationProject\src\main\resources\chromedriver.exe
rgba(75, 176, 122, 1)
]]></system-out>
    <system-err><![CDATA[Starting ChromeDriver 102.0.5005.61 (0e59bcc00cc4985ce39ad31c150065f159d95ad3-refs/branch-heads/5005@{#819}) on port 58806
Only local connections are allowed.
Please see https://chromedriver.chromium.org/security-considerations for suggestions on keeping ChromeDriver safe.
ChromeDriver was started successfully.
Jun 08, 2022 5:18:21 AM org.openqa.selenium.remote.ProtocolHandshake createSession
INFO: Detected upstream dialect: W3C
Jun 08, 2022 5:18:21 AM org.openqa.selenium.devtools.CdpVersionFinder findNearestMatch
INFO: Found exact CDP implementation for version 102
]]></system-err>
  </testcase>
  <testcase name="runScenario[&quot;user try to compare multiple products&quot;, &quot;SC11- Logged user could add different products to compare list&quot;](11)" classname="org.example.Runners.TestRunTestNg" time="21.304">
    <system-out><![CDATA[D:\FWD-SCHOLARSHIP\AutomationProject\src\main\resources\chromedriver.exe

@regression
Scenario: User will enter valid to inputs     &amp#27;[90m# src/main/resources/Features/SC01_Registration.feature:4&amp#27;[0m
  &amp#27;[32mGiven &amp#27;[0m&amp#27;[32mUser should have an email to register&amp#27;[0m &amp#27;[90m# org.example.StepsCode.C01_Registration.createEmail()&amp#27;[0m
  &amp#27;[32mAnd &amp#27;[0m&amp#27;[32mUser navigate to register page&amp#27;[0m          &amp#27;[90m# org.example.StepsCode.C01_Registration.navigateToRegisterPage()&amp#27;[0m
  &amp#27;[32mWhen &amp#27;[0m&amp#27;[32mUser enter valid data&amp#27;[0m                  &amp#27;[90m# org.example.StepsCode.C01_Registration.enterValidData()&amp#27;[0m
  &amp#27;[32mThen &amp#27;[0m&amp#27;[32mUser could be register successfully&amp#27;[0m    &amp#27;[90m# org.example.StepsCode.C01_Registration.User_register_Successfully()&amp#27;[0m

@regression
Scenario: User log in with valid email and password &amp#27;[90m# src/main/resources/Features/SC02_Login.feature:4&amp#27;[0m
  &amp#27;[32mGiven &amp#27;[0m&amp#27;[32mUser navigate to login page&amp#27;[0m                 &amp#27;[90m# org.example.StepsCode.C02_Login.goToLoginPage()&amp#27;[0m
  &amp#27;[32mWhen &amp#27;[0m&amp#27;[32mUser enter valid email&amp#27;[0m                       &amp#27;[90m# org.example.StepsCode.C02_Login.emailField()&amp#27;[0m
  &amp#27;[32mAnd &amp#27;[0m&amp#27;[32mUser enter valid password&amp#27;[0m                     &amp#27;[90m# org.example.StepsCode.C02_Login.passwordField()&amp#27;[0m
  &amp#27;[32mAnd &amp#27;[0m&amp#27;[32mUser Click to login button&amp#27;[0m                    &amp#27;[90m# org.example.StepsCode.C02_Login.loginBtn()&amp#27;[0m
  &amp#27;[32mThen &amp#27;[0m&amp#27;[32mUser could be logged in successfully&amp#27;[0m         &amp#27;[90m# org.example.StepsCode.C02_Login.login_Successfully()&amp#27;[0m

@regression
Scenario: User want to reset his/her password                    &amp#27;[90m# src/main/resources/Features/SC03_ResetPassword.feature:5&amp#27;[0m
  &amp#27;[32mGiven &amp#27;[0m&amp#27;[32mUser navigate to login page directly&amp#27;[0m                     &amp#27;[90m# org.example.StepsCode.C03_Reset_Password.goToLoginPage()&amp#27;[0m
  &amp#27;[32mWhen &amp#27;[0m&amp#27;[32mUser enter the reset password button&amp#27;[0m                      &amp#27;[90m# org.example.StepsCode.C03_Reset_Password.clickForgetBtn()&amp#27;[0m
  &amp#27;[32mAnd &amp#27;[0m&amp#27;[32mUser enter his email to send the key to reset the password&amp#27;[0m &amp#27;[90m# org.example.StepsCode.C03_Reset_Password.enterEmailOfUser()&amp#27;[0m
  &amp#27;[32mAnd &amp#27;[0m&amp#27;[32mUser clicked to reset button&amp#27;[0m                               &amp#27;[90m# org.example.StepsCode.C03_Reset_Password.clickRestBtn()&amp#27;[0m
  &amp#27;[32mThen &amp#27;[0m&amp#27;[32mThe website send to email hsa been register&amp#27;[0m               &amp#27;[90m# org.example.StepsCode.C03_Reset_Password.restPasswordSuccessfully()&amp#27;[0m

@regression
Scenario: User search about product                                      &amp#27;[90m# src/main/resources/Features/SC04_SearchProduct.feature:4&amp#27;[0m
  &amp#27;[32mGiven &amp#27;[0m&amp#27;[32mUser should to be logged in successfully&amp#27;[0m                         &amp#27;[90m# org.example.StepsCode.C04_SearchProduct.login()&amp#27;[0m
  &amp#27;[32mWhen &amp#27;[0m&amp#27;[32mUser Write the name of product an Ex:"&amp#27;[0m&amp#27;[32m&amp#27;[1mCamera&amp#27;[0m&amp#27;[32m"&amp#27;[0m                     &amp#27;[90m# org.example.StepsCode.C04_SearchProduct.enterProductName(java.lang.String)&amp#27;[0m
  &amp#27;[32mAnd &amp#27;[0m&amp#27;[32mUser clicked to enter button in keyboard&amp#27;[0m                           &amp#27;[90m# org.example.StepsCode.C04_SearchProduct.clickSearchBtn()&amp#27;[0m
  &amp#27;[32mThen &amp#27;[0m&amp#27;[32mThe wabsite should appear the results related to the product name&amp#27;[0m &amp#27;[90m# org.example.StepsCode.C04_SearchProduct.showProductResult()&amp#27;[0m

@regression
Scenario: Logged user switch currency to euro                     &amp#27;[90m# src/main/resources/Features/SC05_SwitchCurrencies.feature:4&amp#27;[0m
  &amp#27;[32mGiven &amp#27;[0m&amp#27;[32mUser should to be logged in successfully&amp#27;[0m                  &amp#27;[90m# org.example.StepsCode.C04_SearchProduct.login()&amp#27;[0m
  &amp#27;[32mWhen &amp#27;[0m&amp#27;[32mUser choose "Euro" as a main currency from static dropdown&amp#27;[0m &amp#27;[90m# org.example.StepsCode.C05_SwitchCurrencies.changeCurrencies()&amp#27;[0m
  &amp#27;[32mThen &amp#27;[0m&amp#27;[32mThe currency in the website should to be changed&amp#27;[0m           &amp#27;[90m# org.example.StepsCode.C05_SwitchCurrencies.confirmationChange()&amp#27;[0m

@regression
Scenario: Logged user select Category                                                  &amp#27;[90m# src/main/resources/Features/SC06_SelectCategories.feature:4&amp#27;[0m
  &amp#27;[32mGiven &amp#27;[0m&amp#27;[32mUser should to be logged in successfully&amp#27;[0m                                       &amp#27;[90m# org.example.StepsCode.C04_SearchProduct.login()&amp#27;[0m
  &amp#27;[32mWhen &amp#27;[0m&amp#27;[32mUser select any category&amp#27;[0m                                                        &amp#27;[90m# org.example.StepsCode.C06_SelectCategory.userSelectCategory()&amp#27;[0m
  &amp#27;[32mThen &amp#27;[0m&amp#27;[32mThe website should to appear the products that related to the category selected&amp#27;[0m &amp#27;[90m# org.example.StepsCode.C06_SelectCategory.confirmSelectCategory()&amp#27;[0m

@regression
Scenario: User filter selected item with color                    &amp#27;[90m# src/main/resources/Features/SC07_FilterColor.feature:4&amp#27;[0m
  &amp#27;[32mGiven &amp#27;[0m&amp#27;[32mUser should to be logged in successfully&amp#27;[0m                  &amp#27;[90m# org.example.StepsCode.C04_SearchProduct.login()&amp#27;[0m
  &amp#27;[32mAnd &amp#27;[0m&amp#27;[32mUser should to select an item to filter&amp#27;[0m                     &amp#27;[90m# org.example.StepsCode.C07_FilterColor.selectProduct()&amp#27;[0m
  &amp#27;[32mWhen &amp#27;[0m&amp#27;[32mUser filter items by color option&amp#27;[0m                          &amp#27;[90m# org.example.StepsCode.C07_FilterColor.chooseColor()&amp#27;[0m
  &amp#27;[32mThen &amp#27;[0m&amp#27;[32mUser appear for him the filter items with color he choosed&amp#27;[0m &amp#27;[90m# org.example.StepsCode.C07_FilterColor.confirmFilter()&amp#27;[0m

@regression
Scenario: User try to select different tags                      &amp#27;[90m# src/main/resources/Features/SC08_SelectDifferentTags.feature:4&amp#27;[0m
  &amp#27;[32mGiven &amp#27;[0m&amp#27;[32mUser should to be logged in successfully&amp#27;[0m                 &amp#27;[90m# org.example.StepsCode.C04_SearchProduct.login()&amp#27;[0m
  &amp#27;[32mAnd &amp#27;[0m&amp#27;[32mUser select any category&amp#27;[0m                                   &amp#27;[90m# org.example.StepsCode.C06_SelectCategory.userSelectCategory()&amp#27;[0m
  &amp#27;[32mWhen &amp#27;[0m&amp#27;[32mUser select different tags&amp#27;[0m                                &amp#27;[90m# org.example.StepsCode.C08_SelectTags.selectTag()&amp#27;[0m
  &amp#27;[32mThen &amp#27;[0m&amp#27;[32mUser appear for him results of related items for this tag&amp#27;[0m &amp#27;[90m# org.example.StepsCode.C08_SelectTags.confirmTag()&amp#27;[0m

@regression
Scenario: User try to add product to shopping cart       &amp#27;[90m# src/main/resources/Features/SC09_AddToShoppingCart.feature:4&amp#27;[0m
  &amp#27;[32mGiven &amp#27;[0m&amp#27;[32mUser should to be logged in successfully&amp#27;[0m         &amp#27;[90m# org.example.StepsCode.C04_SearchProduct.login()&amp#27;[0m
  &amp#27;[32mAnd &amp#27;[0m&amp#27;[32mUser go to home page to shop any product&amp#27;[0m           &amp#27;[90m# org.example.StepsCode.C09_AddToShoppingCart.goToHomePage()&amp#27;[0m
  &amp#27;[32mWhen &amp#27;[0m&amp#27;[32mUser add products to cart&amp#27;[0m                         &amp#27;[90m# org.example.StepsCode.C09_AddToShoppingCart.addToCart()&amp#27;[0m
  &amp#27;[32mThen &amp#27;[0m&amp#27;[32mUser should to find the products in shopping cart&amp#27;[0m &amp#27;[90m# org.example.StepsCode.C09_AddToShoppingCart.checkAddProducts()&amp#27;[0m

@regression
Scenario: User could be able to add products to wishlist               &amp#27;[90m# src/main/resources/Features/SC10_AddToWishList.feature:4&amp#27;[0m
  &amp#27;[32mGiven &amp#27;[0m&amp#27;[32mUser logged in successfully&amp#27;[0m                                    &amp#27;[90m# org.example.StepsCode.C10_AddToWishList.login()&amp#27;[0m
  &amp#27;[32mAnd &amp#27;[0m&amp#27;[32mUser go to home page to shop any product&amp#27;[0m                         &amp#27;[90m# org.example.StepsCode.C09_AddToShoppingCart.goToHomePage()&amp#27;[0m
  &amp#27;[32mWhen &amp#27;[0m&amp#27;[32mUser select different products to wishlist&amp#27;[0m                      &amp#27;[90m# org.example.StepsCode.C10_AddToWishList.selectProduct()&amp#27;[0m
  &amp#27;[32mThen &amp#27;[0m&amp#27;[32mUser show green message for successful add products to wishlist&amp#27;[0m &amp#27;[90m# org.example.StepsCode.C10_AddToWishList.confirmMessage()&amp#27;[0m
  &amp#27;[32mAnd &amp#27;[0m&amp#27;[32mUser open wishlist page and find the items has been selected&amp#27;[0m     &amp#27;[90m# org.example.StepsCode.C10_AddToWishList.checkPage()&amp#27;[0m

@regression
Scenario: user try to compare multiple products            &amp#27;[90m# src/main/resources/Features/SC11_AddToCompareList.feature:4&amp#27;[0m
  &amp#27;[32mGiven &amp#27;[0m&amp#27;[32mUser logged in successfully&amp#27;[0m                        &amp#27;[90m# org.example.StepsCode.C10_AddToWishList.login()&amp#27;[0m
  &amp#27;[32mAnd &amp#27;[0m&amp#27;[32mUser go to home page to shop any product&amp#27;[0m             &amp#27;[90m# org.example.StepsCode.C09_AddToShoppingCart.goToHomePage()&amp#27;[0m
  &amp#27;[32mWhen &amp#27;[0m&amp#27;[32mUser try to compare multiple products&amp#27;[0m               &amp#27;[90m# org.example.StepsCode.C011_AddToCompareList.compareProducts()&amp#27;[0m
  &amp#27;[32mThen &amp#27;[0m&amp#27;[32mSuccessful me]]></system-out>
    <system-err><![CDATA[Starting ChromeDriver 102.0.5005.61 (0e59bcc00cc4985ce39ad31c150065f159d95ad3-refs/branch-heads/5005@{#819}) on port 53029
Only local connections are allowed.
Please see https://chromedriver.chromium.org/security-considerations for suggestions on keeping ChromeDriver safe.
ChromeDriver was started successfully.
Jun 08, 2022 5:18:43 AM org.openqa.selenium.remote.ProtocolHandshake createSession
INFO: Detected upstream dialect: W3C
Jun 08, 2022 5:18:43 AM org.openqa.selenium.devtools.CdpVersionFinder findNearestMatch
INFO: Found exact CDP implementation for version 102
]]></system-err>
  </testcase>
  <testcase name="runScenario[&quot;User make an order&quot;, &quot;SC12- Create successful Order&quot;](12)" classname="org.example.Runners.TestRunTestNg" time="39.816">
    <system-out><![CDATA[D:\FWD-SCHOLARSHIP\AutomationProject\src\main\resources\chromedriver.exe
]]></system-out>
    <system-err><![CDATA[Starting ChromeDriver 102.0.5005.61 (0e59bcc00cc4985ce39ad31c150065f159d95ad3-refs/branch-heads/5005@{#819}) on port 60214
Only local connections are allowed.
Please see https://chromedriver.chromium.org/security-considerations for suggestions on keeping ChromeDriver safe.
ChromeDriver was started successfully.
Jun 08, 2022 5:19:04 AM org.openqa.selenium.remote.ProtocolHandshake createSession
INFO: Detected upstream dialect: W3C
Jun 08, 2022 5:19:04 AM org.openqa.selenium.devtools.CdpVersionFinder findNearestMatch
INFO: Found exact CDP implementation for version 102
]]></system-err>
  </testcase>
</testsuite>