<?xml version="1.0" encoding="UTF-8"?>
<!-- Generated by org.testng.reporters.JUnitReportReporter -->
<testsuite skipped="0" hostname="AH" name="org.example.Runners.TestRunTestNg" tests="18" failures="2" timestamp="2022-06-08T15:16:15 EET" time="272.625" errors="1">
  <testcase name="runScenario" time="7.840" classname="org.example.Runners.TestRunTestNg"/>
  <system-out/>
  <testcase name="runScenario" time="13.292" classname="org.example.Runners.TestRunTestNg"/>
  <system-out/>
  <testcase name="runScenario" time="10.062" classname="org.example.Runners.TestRunTestNg"/>
  <system-out/>
  <testcase name="runScenario" time="10.950" classname="org.example.Runners.TestRunTestNg"/>
  <system-out/>
  <testcase name="runScenario" time="8.349" classname="org.example.Runners.TestRunTestNg">
    <error type="java.lang.IndexOutOfBoundsException" message="Index: 1, Size: 1">
      <![CDATA[java.lang.IndexOutOfBoundsException: Index: 1, Size: 1
at java.util.ArrayList.rangeCheck(ArrayList.java:653)
at java.util.ArrayList.get(ArrayList.java:429)
at org.example.StepsCode.C13_FollowUs.openRss(C13_FollowUs.java:81)
at ✽.User opens rss link(file:///D:/FWD-SCHOLARSHIP/AutomationProject/src/main/resources/Features/SC13_FollowUs.feature:27)
]]>
    </error>
  </testcase> <!-- runScenario -->
  <system-out/>
  <testcase name="runScenario" time="9.776" classname="org.example.Runners.TestRunTestNg"/>
  <system-out/>
  <testcase name="runScenario" time="43.283" classname="org.example.Runners.TestRunTestNg"/>
  <system-out/>
  <testcase name="runScenario" time="8.584" classname="org.example.Runners.TestRunTestNg">
    <failure type="org.junit.ComparisonFailure" message="expected:&lt;...emo.nopcommerce.com/[]&gt; but was:&lt;...emo.nopcommerce.com/[nokia-lumia-1020]&gt;">
      <![CDATA[org.junit.ComparisonFailure: expected:<...emo.nopcommerce.com/[]> but was:<...emo.nopcommerce.com/[nokia-lumia-1020]>
at org.junit.Assert.assertEquals(Assert.java:117)
at org.junit.Assert.assertEquals(Assert.java:146)
at org.example.StepsCode.C14_HomeSlider.confirmShowOne(C14_HomeSlider.java:21)
at ✽.Relative product for first slider is displayed(file:///D:/FWD-SCHOLARSHIP/AutomationProject/src/main/resources/Features/SC14_HomeSlider.feature:11)
]]>
    </failure>
  </testcase> <!-- runScenario -->
  <system-out/>
  <testcase name="runScenario" time="24.000" classname="org.example.Runners.TestRunTestNg"/>
  <system-out/>
  <testcase name="runScenario" time="23.835" classname="org.example.Runners.TestRunTestNg"/>
  <system-out/>
  <testcase name="runScenario" time="17.342" classname="org.example.Runners.TestRunTestNg"/>
  <system-out/>
  <testcase name="runScenario" time="10.505" classname="org.example.Runners.TestRunTestNg">
    <failure type="org.junit.ComparisonFailure" message="expected:&lt;...emo.nopcommerce.com/[]&gt; but was:&lt;...emo.nopcommerce.com/[iphone-6]&gt;">
      <![CDATA[org.junit.ComparisonFailure: expected:<...emo.nopcommerce.com/[]> but was:<...emo.nopcommerce.com/[iphone-6]>
at org.junit.Assert.assertEquals(Assert.java:117)
at org.junit.Assert.assertEquals(Assert.java:146)
at org.example.StepsCode.C14_HomeSlider.confirmShowTwo(C14_HomeSlider.java:35)
at ✽.Relative product for second slider is displayed(file:///D:/FWD-SCHOLARSHIP/AutomationProject/src/main/resources/Features/SC14_HomeSlider.feature:21)
]]>
    </failure>
  </testcase> <!-- runScenario -->
  <system-out/>
  <testcase name="runScenario" time="8.834" classname="org.example.Runners.TestRunTestNg"/>
  <system-out/>
  <testcase name="runScenario" time="12.877" classname="org.example.Runners.TestRunTestNg"/>
  <system-out/>
  <testcase name="runScenario" time="15.648" classname="org.example.Runners.TestRunTestNg"/>
  <system-out/>
  <testcase name="runScenario" time="11.943" classname="org.example.Runners.TestRunTestNg"/>
  <system-out/>
  <testcase name="runScenario" time="16.487" classname="org.example.Runners.TestRunTestNg"/>
  <system-out/>
  <testcase name="runScenario" time="19.018" classname="org.example.Runners.TestRunTestNg"/>
  <system-out/>
</testsuite> <!-- org.example.Runners.TestRunTestNg -->
