<?xml version="1.0" encoding="UTF-8"?>
<!-- Generated by org.testng.reporters.JUnitReportReporter -->
<testsuite skipped="0" hostname="AH" name="org.example.Runners.TestRunTestNg" tests="20" failures="2" timestamp="2022-06-10T19:04:36 EET" time="326.622" errors="1">
  <testcase name="runScenario" time="14.410" classname="org.example.Runners.TestRunTestNg"/>
  <system-out/>
  <testcase name="runScenario" time="15.938" classname="org.example.Runners.TestRunTestNg">
    <error type="org.openqa.selenium.ElementNotInteractableException" message="element not interactable
  (Session info: chrome=102.0.5005.63)
Build info: version: &#039;4.2.1&#039;, revision: &#039;ac4d0fdd4a&#039;
System info: host: &#039;AH&#039;, ip: &#039;192.168.1.2&#039;, os.name: &#039;Windows 10&#039;, os.arch: &#039;amd64&#039;, os.version: &#039;10.0&#039;, java.version: &#039;1.8.0_144&#039;
Driver info: org.openqa.selenium.chrome.ChromeDriver
Command: [c07b45befd55f9613d66a0b95a5da6c2, clickElement {id=e3f7d0d4-4b38-4a00-a233-a43dba5e4b9d}]
Capabilities {acceptInsecureCerts: false, browserName: chrome, browserVersion: 102.0.5005.63, chrome: {chromedriverVersion: 102.0.5005.61 (0e59bcc00cc4..., userDataDir: C:\Users\VT\AppData\Local\T...}, goog:chromeOptions: {debuggerAddress: localhost:59215}, networkConnectionEnabled: false, pageLoadStrategy: normal, platformName: WINDOWS, proxy: Proxy(), se:cdp: ws://localhost:59215/devtoo..., se:cdpVersion: 102.0.5005.63, setWindowRect: true, strictFileInteractability: false, timeouts: {implicit: 0, pageLoad: 300000, script: 30000}, unhandledPromptBehavior: dismiss and notify, webauthn:extension:credBlob: true, webauthn:extension:largeBlob: true, webauthn:virtualAuthenticators: true}
Element: [[ChromeDriver: chrome on WINDOWS (c07b45befd55f9613d66a0b95a5da6c2)] -&gt; xpath: (//a[@href=&quot;http://demo.nopcommerce.com/&quot;])[2]]
Session ID: c07b45befd55f9613d66a0b95a5da6c2">
      <![CDATA[org.openqa.selenium.ElementNotInteractableException: element not interactable
  (Session info: chrome=102.0.5005.63)
Build info: version: '4.2.1', revision: 'ac4d0fdd4a'
System info: host: 'AH', ip: '192.168.1.2', os.name: 'Windows 10', os.arch: 'amd64', os.version: '10.0', java.version: '1.8.0_144'
Driver info: org.openqa.selenium.chrome.ChromeDriver
Command: [c07b45befd55f9613d66a0b95a5da6c2, clickElement {id=e3f7d0d4-4b38-4a00-a233-a43dba5e4b9d}]
Capabilities {acceptInsecureCerts: false, browserName: chrome, browserVersion: 102.0.5005.63, chrome: {chromedriverVersion: 102.0.5005.61 (0e59bcc00cc4..., userDataDir: C:\Users\VT\AppData\Local\T...}, goog:chromeOptions: {debuggerAddress: localhost:59215}, networkConnectionEnabled: false, pageLoadStrategy: normal, platformName: WINDOWS, proxy: Proxy(), se:cdp: ws://localhost:59215/devtoo..., se:cdpVersion: 102.0.5005.63, setWindowRect: true, strictFileInteractability: false, timeouts: {implicit: 0, pageLoad: 300000, script: 30000}, unhandledPromptBehavior: dismiss and notify, webauthn:extension:credBlob: true, webauthn:extension:largeBlob: true, webauthn:virtualAuthenticators: true}
Element: [[ChromeDriver: chrome on WINDOWS (c07b45befd55f9613d66a0b95a5da6c2)] -> xpath: (//a[@href="http://demo.nopcommerce.com/"])[2]]
Session ID: c07b45befd55f9613d66a0b95a5da6c2
at sun.reflect.NativeConstructorAccessorImpl.newInstance0(Native Method)
at sun.reflect.NativeConstructorAccessorImpl.newInstance(NativeConstructorAccessorImpl.java:62)
at sun.reflect.DelegatingConstructorAccessorImpl.newInstance(DelegatingConstructorAccessorImpl.java:45)
at java.lang.reflect.Constructor.newInstance(Constructor.java:423)
at org.openqa.selenium.remote.codec.w3c.W3CHttpResponseCodec.createException(W3CHttpResponseCodec.java:200)
at org.openqa.selenium.remote.codec.w3c.W3CHttpResponseCodec.decode(W3CHttpResponseCodec.java:133)
at org.openqa.selenium.remote.codec.w3c.W3CHttpResponseCodec.decode(W3CHttpResponseCodec.java:53)
at org.openqa.selenium.remote.HttpCommandExecutor.execute(HttpCommandExecutor.java:184)
at org.openqa.selenium.remote.service.DriverCommandExecutor.invokeExecute(DriverCommandExecutor.java:167)
at org.openqa.selenium.remote.service.DriverCommandExecutor.execute(DriverCommandExecutor.java:142)
at org.openqa.selenium.remote.RemoteWebDriver.execute(RemoteWebDriver.java:551)
at org.openqa.selenium.remote.RemoteWebElement.execute(RemoteWebElement.java:257)
at org.openqa.selenium.remote.RemoteWebElement.click(RemoteWebElement.java:78)
at org.example.StepsCode.C14_HomeSlider.clickToSHomeSlider(C14_HomeSlider.java:29)
at ✽.User click to second slider(file:///D:/FWD-SCHOLARSHIP/AutomationProject/src/main/resources/Features/SC14_HomeSlider.feature:19)
]]>
    </error>
  </testcase> <!-- runScenario -->
  <system-out/>
  <testcase name="runScenario" time="10.420" classname="org.example.Runners.TestRunTestNg"/>
  <system-out/>
  <testcase name="runScenario" time="24.506" classname="org.example.Runners.TestRunTestNg"/>
  <system-out/>
  <testcase name="runScenario" time="14.061" classname="org.example.Runners.TestRunTestNg"/>
  <system-out/>
  <testcase name="runScenario" time="8.094" classname="org.example.Runners.TestRunTestNg"/>
  <system-out/>
  <testcase name="runScenario" time="13.050" classname="org.example.Runners.TestRunTestNg"/>
  <system-out/>
  <testcase name="runScenario" time="17.293" classname="org.example.Runners.TestRunTestNg"/>
  <system-out/>
  <testcase name="runScenario" time="12.456" classname="org.example.Runners.TestRunTestNg"/>
  <system-out/>
  <testcase name="runScenario" time="25.894" classname="org.example.Runners.TestRunTestNg"/>
  <system-out/>
  <testcase name="runScenario" time="14.530" classname="org.example.Runners.TestRunTestNg"/>
  <system-out/>
  <testcase name="runScenario" time="12.382" classname="org.example.Runners.TestRunTestNg"/>
  <system-out/>
  <testcase name="runScenario" time="16.723" classname="org.example.Runners.TestRunTestNg"/>
  <system-out/>
  <testcase name="runScenario" time="12.207" classname="org.example.Runners.TestRunTestNg"/>
  <system-out/>
  <testcase name="runScenario" time="48.044" classname="org.example.Runners.TestRunTestNg"/>
  <system-out/>
  <testcase name="runScenario" time="13.642" classname="org.example.Runners.TestRunTestNg"/>
  <system-out/>
  <testcase name="runScenario" time="9.666" classname="org.example.Runners.TestRunTestNg">
    <failure type="java.lang.AssertionError" message="expected [https://demo.nopcommerce.com/new-online-store-is-open] but found [https://demo.nopcommerce.com/news/rss/1]">
      <![CDATA[java.lang.AssertionError: expected [https://demo.nopcommerce.com/new-online-store-is-open] but found [https://demo.nopcommerce.com/news/rss/1]
at org.testng.Assert.fail(Assert.java:110)
at org.testng.Assert.failNotEquals(Assert.java:1413)
at org.testng.Assert.assertEqualsImpl(Assert.java:149)
at org.testng.Assert.assertEquals(Assert.java:131)
at org.testng.Assert.assertEquals(Assert.java:655)
at org.testng.Assert.assertEquals(Assert.java:665)
at org.example.StepsCode.C13_FollowUs.confirmOpenRss(C13_FollowUs.java:89)
at ✽."https://demo.nopcommerce.com/new-online-store-is-open" rss page is opened(file:///D:/FWD-SCHOLARSHIP/AutomationProject/src/main/resources/Features/SC13_FollowUs.feature:29)
]]>
    </failure>
  </testcase> <!-- runScenario -->
  <system-out/>
  <testcase name="runScenario" time="19.366" classname="org.example.Runners.TestRunTestNg"/>
  <system-out/>
  <testcase name="runScenario" time="14.251" classname="org.example.Runners.TestRunTestNg"/>
  <system-out/>
  <testcase name="runScenario" time="9.689" classname="org.example.Runners.TestRunTestNg">
    <failure type="org.junit.ComparisonFailure" message="expected:&lt;...emo.nopcommerce.com/[nokia-lumia-1020]&gt; but was:&lt;...emo.nopcommerce.com/[]&gt;">
      <![CDATA[org.junit.ComparisonFailure: expected:<...emo.nopcommerce.com/[nokia-lumia-1020]> but was:<...emo.nopcommerce.com/[]>
at org.junit.Assert.assertEquals(Assert.java:117)
at org.junit.Assert.assertEquals(Assert.java:146)
at org.example.StepsCode.C14_HomeSlider.confirmShowOne(C14_HomeSlider.java:21)
at ✽.Relative product for first slider is displayed(file:///D:/FWD-SCHOLARSHIP/AutomationProject/src/main/resources/Features/SC14_HomeSlider.feature:11)
]]>
    </failure>
  </testcase> <!-- runScenario -->
  <system-out/>
</testsuite> <!-- org.example.Runners.TestRunTestNg -->
