<?xml version="1.0" encoding="UTF-8"?>
<!-- Generated by org.testng.reporters.JUnitReportReporter -->
<testsuite skipped="0" hostname="AH" name="org.example.Runners.TestRunTestNg" tests="12" failures="0" timestamp="2022-06-08T05:19:43 EET" time="189.455" errors="0">
  <testcase name="runScenario" time="9.829" classname="org.example.Runners.TestRunTestNg"/>
  <system-out/>
  <testcase name="runScenario" time="19.039" classname="org.example.Runners.TestRunTestNg"/>
  <system-out/>
  <testcase name="runScenario" time="21.571" classname="org.example.Runners.TestRunTestNg"/>
  <system-out/>
  <testcase name="runScenario" time="9.518" classname="org.example.Runners.TestRunTestNg"/>
  <system-out/>
  <testcase name="runScenario" time="14.129" classname="org.example.Runners.TestRunTestNg"/>
  <system-out/>
  <testcase name="runScenario" time="39.816" classname="org.example.Runners.TestRunTestNg"/>
  <system-out/>
  <testcase name="runScenario" time="11.969" classname="org.example.Runners.TestRunTestNg"/>
  <system-out/>
  <testcase name="runScenario" time="14.538" classname="org.example.Runners.TestRunTestNg"/>
  <system-out/>
  <testcase name="runScenario" time="8.038" classname="org.example.Runners.TestRunTestNg"/>
  <system-out/>
  <testcase name="runScenario" time="7.671" classname="org.example.Runners.TestRunTestNg"/>
  <system-out/>
  <testcase name="runScenario" time="12.034" classname="org.example.Runners.TestRunTestNg"/>
  <system-out/>
  <testcase name="runScenario" time="21.303" classname="org.example.Runners.TestRunTestNg"/>
  <system-out/>
</testsuite> <!-- org.example.Runners.TestRunTestNg -->
